[debug] [2022-07-09T07:58:08.013Z] ----------------------------------------------------------------------
[debug] [2022-07-09T07:58:08.014Z] Command:       /home/hunter/.nvm/versions/node/v14.16.1/bin/node /home/hunter/.nvm/versions/node/v14.16.1/bin/firebase init
[debug] [2022-07-09T07:58:08.014Z] CLI Version:   10.9.2
[debug] [2022-07-09T07:58:08.014Z] Platform:      linux
[debug] [2022-07-09T07:58:08.014Z] Node Version:  v14.16.1
[debug] [2022-07-09T07:58:08.015Z] Time:          Sat Jul 09 2022 10:58:08 GMT+0300 (East Africa Time)
[debug] [2022-07-09T07:58:08.015Z] ----------------------------------------------------------------------
[debug] 
[debug] [2022-07-09T07:58:08.017Z] > command requires scopes: ["email","openid","https://www.googleapis.com/auth/cloudplatformprojects.readonly","https://www.googleapis.com/auth/firebase","https://www.googleapis.com/auth/cloud-platform"]
[debug] [2022-07-09T07:58:08.017Z] > authorizing via signed-in user (achienghunter@gmail.com)
[info] 
     ######## #### ########  ######## ########     ###     ######  ########
     ##        ##  ##     ## ##       ##     ##  ##   ##  ##       ##
     ######    ##  ########  ######   ########  #########  ######  ######
     ##        ##  ##    ##  ##       ##     ## ##     ##       ## ##
     ##       #### ##     ## ######## ########  ##     ##  ######  ########

You're about to initialize a Firebase project in this directory:

  /home/hunter/sequelize_node

[info] 
=== Project Setup
[info] 
[info] First, let's associate this project directory with a Firebase project.
[info] You can create multiple project aliases by running firebase use --add, 
[info] but for now we'll just set up a default project.
[info] 
[debug] [2022-07-09T07:58:54.798Z] >>> [apiv2][query] GET https://firebase.googleapis.com/v1beta1/projects pageSize=100
[debug] [2022-07-09T07:58:55.523Z] <<< [apiv2][status] GET https://firebase.googleapis.com/v1beta1/projects 200
[debug] [2022-07-09T07:58:55.523Z] <<< [apiv2][body] GET https://firebase.googleapis.com/v1beta1/projects [omitted]
[info] i  Using project hunter-kotani (hunter-kotani) 
[info] 
=== Functions Setup
[info] 
[info] A functions directory will be created in your project with sample code
[info] pre-configured. Functions can be deployed with firebase deploy.
[info] 
[debug] [2022-07-09T07:58:57.638Z] > command requires scopes: ["email","openid","https://www.googleapis.com/auth/cloudplatformprojects.readonly","https://www.googleapis.com/auth/firebase","https://www.googleapis.com/auth/cloud-platform"]
[debug] [2022-07-09T07:58:57.638Z] > authorizing via signed-in user (achienghunter@gmail.com)
[debug] [2022-07-09T07:58:57.638Z] [iam] checking project hunter-kotani for permissions ["firebase.projects.get"]
[debug] [2022-07-09T07:58:57.638Z] >>> [apiv2][query] POST https://cloudresourcemanager.googleapis.com/v1/projects/hunter-kotani:testIamPermissions [none]
[debug] [2022-07-09T07:58:57.639Z] >>> [apiv2][body] POST https://cloudresourcemanager.googleapis.com/v1/projects/hunter-kotani:testIamPermissions {"permissions":["firebase.projects.get"]}
[debug] [2022-07-09T07:58:59.310Z] <<< [apiv2][status] POST https://cloudresourcemanager.googleapis.com/v1/projects/hunter-kotani:testIamPermissions 200
[debug] [2022-07-09T07:58:59.311Z] <<< [apiv2][body] POST https://cloudresourcemanager.googleapis.com/v1/projects/hunter-kotani:testIamPermissions {"permissions":["firebase.projects.get"]}
[debug] [2022-07-09T07:58:59.312Z] >>> [apiv2][query] GET https://serviceusage.googleapis.com/v1/projects/hunter-kotani/services/cloudfunctions.googleapis.com [none]
[debug] [2022-07-09T07:58:59.314Z] >>> [apiv2][query] GET https://serviceusage.googleapis.com/v1/projects/hunter-kotani/services/runtimeconfig.googleapis.com [none]
[debug] [2022-07-09T07:59:01.873Z] <<< [apiv2][status] GET https://serviceusage.googleapis.com/v1/projects/hunter-kotani/services/cloudfunctions.googleapis.com 200
[debug] [2022-07-09T07:59:01.874Z] <<< [apiv2][body] GET https://serviceusage.googleapis.com/v1/projects/hunter-kotani/services/cloudfunctions.googleapis.com [omitted]
[debug] [2022-07-09T07:59:01.874Z] >>> [apiv2][query] POST https://serviceusage.googleapis.com/v1/projects/hunter-kotani/services/cloudfunctions.googleapis.com:enable [none]
[debug] [2022-07-09T07:59:01.879Z] <<< [apiv2][status] GET https://serviceusage.googleapis.com/v1/projects/hunter-kotani/services/runtimeconfig.googleapis.com 200
[debug] [2022-07-09T07:59:01.879Z] <<< [apiv2][body] GET https://serviceusage.googleapis.com/v1/projects/hunter-kotani/services/runtimeconfig.googleapis.com [omitted]
[debug] [2022-07-09T07:59:04.121Z] <<< [apiv2][status] POST https://serviceusage.googleapis.com/v1/projects/hunter-kotani/services/cloudfunctions.googleapis.com:enable 200
[debug] [2022-07-09T07:59:04.121Z] <<< [apiv2][body] POST https://serviceusage.googleapis.com/v1/projects/hunter-kotani/services/cloudfunctions.googleapis.com:enable [omitted]
[debug] [2022-07-09T07:59:14.126Z] >>> [apiv2][query] GET https://serviceusage.googleapis.com/v1/projects/hunter-kotani/services/cloudfunctions.googleapis.com [none]
[debug] [2022-07-09T07:59:15.821Z] <<< [apiv2][status] GET https://serviceusage.googleapis.com/v1/projects/hunter-kotani/services/cloudfunctions.googleapis.com 200
[debug] [2022-07-09T07:59:15.821Z] <<< [apiv2][body] GET https://serviceusage.googleapis.com/v1/projects/hunter-kotani/services/cloudfunctions.googleapis.com [omitted]
